{
  "RSpec": {
    "coverage": {
      "/Users/sandiszthieme/turing/1module/projects/night_writer/spec/night_reader_class_spec.rb": {
        "lines": [
          1,
          1,
          1,
          1,
          7,
          null,
          7,
          7,
          1,
          6,
          6,
          6,
          null,
          null,
          null,
          1,
          6,
          6,
          null,
          null,
          1,
          1,
          1,
          1,
          1,
          null,
          null,
          1,
          1,
          1,
          null,
          null,
          1,
          1,
          1,
          null,
          null,
          1,
          1,
          1,
          null,
          null,
          1,
          1,
          2,
          null,
          null,
          1,
          2,
          null,
          null,
          null,
          1,
          6,
          null,
          6,
          6,
          1,
          5,
          5,
          5,
          null,
          null,
          null,
          1,
          5,
          5,
          null,
          null,
          1,
          1,
          1,
          null,
          null,
          1,
          1,
          1,
          null,
          null,
          1,
          1,
          1,
          null,
          null,
          1,
          1,
          null,
          null,
          1,
          1,
          null,
          null,
          null,
          1,
          2,
          2,
          null,
          2,
          2,
          null,
          2,
          2,
          1,
          1,
          1,
          1,
          null,
          null,
          null,
          1,
          1,
          1,
          1,
          null,
          null,
          1,
          1,
          1,
          null,
          null
        ]
      },
      "/Users/sandiszthieme/turing/1module/projects/night_writer/lib/night_reader_class.rb": {
        "lines": [
          1,
          1,
          1,
          null,
          1,
          1,
          1,
          12,
          12,
          null,
          null,
          1,
          null,
          1,
          7,
          7,
          7,
          7,
          7,
          null,
          null,
          1,
          null
        ]
      },
      "/Users/sandiszthieme/turing/1module/projects/night_writer/lib/night_writeable.rb": {
        "lines": [
          1,
          1,
          14,
          14,
          14,
          null,
          null,
          1,
          12,
          null,
          null
        ]
      },
      "/Users/sandiszthieme/turing/1module/projects/night_writer/lib/untranslatable.rb": {
        "lines": [
          1,
          1,
          9,
          9,
          null,
          9,
          9,
          10,
          10,
          10,
          10,
          10,
          10,
          10,
          10,
          10,
          10,
          10,
          10,
          10,
          10,
          10,
          10,
          10,
          10,
          10,
          10,
          10,
          10,
          10,
          10,
          10,
          10,
          10,
          null,
          null,
          9,
          null,
          null,
          1,
          19,
          10,
          11,
          2,
          null,
          null,
          null,
          19,
          null,
          null,
          1,
          10,
          10,
          null,
          null,
          1,
          12,
          12,
          1,
          6,
          6,
          6,
          null,
          null,
          51,
          12,
          null,
          null,
          1,
          11,
          16,
          4,
          12,
          null,
          7,
          7,
          null,
          11,
          null,
          null
        ]
      },
      "/Users/sandiszthieme/turing/1module/projects/night_writer/lib/night_writer_class.rb": {
        "lines": [
          1,
          1,
          1,
          1,
          1,
          14,
          14,
          null,
          null,
          1,
          null,
          1,
          3,
          3,
          3,
          3,
          3,
          null,
          null,
          1,
          null
        ]
      },
      "/Users/sandiszthieme/turing/1module/projects/night_writer/lib/translatable.rb": {
        "lines": [
          1,
          1,
          6,
          null,
          6,
          63,
          63,
          63,
          63,
          63,
          63,
          63,
          63,
          63,
          63,
          63,
          63,
          63,
          63,
          63,
          63,
          63,
          63,
          63,
          63,
          63,
          63,
          63,
          63,
          63,
          63,
          63,
          63,
          63,
          63,
          63,
          63,
          63,
          63,
          63,
          63,
          63,
          63,
          63,
          63,
          63,
          63,
          63,
          63,
          63,
          63,
          63,
          63,
          63,
          63,
          63,
          63,
          63,
          null,
          null,
          6,
          null,
          null,
          1,
          12,
          260,
          124,
          null,
          null,
          null,
          null,
          1,
          7,
          7,
          7,
          7,
          null,
          null,
          1,
          8,
          145,
          145,
          null,
          null,
          1,
          8,
          17,
          8,
          8,
          36,
          null,
          8,
          null,
          null,
          1,
          8,
          8,
          17,
          8,
          null,
          null
        ]
      },
      "/Users/sandiszthieme/turing/1module/projects/night_writer/spec/night_writer_class_spec.rb": {
        "lines": [
          1,
          1,
          1,
          null,
          1,
          7,
          null,
          7,
          7,
          1,
          6,
          6,
          6,
          null,
          null,
          null,
          1,
          6,
          6,
          null,
          null,
          1,
          null,
          1,
          1,
          1,
          null,
          null,
          1,
          1,
          null,
          null,
          1,
          1,
          1,
          null,
          null,
          1,
          1,
          null,
          null,
          1,
          2,
          null,
          null,
          1,
          2,
          null,
          null,
          null,
          1,
          7,
          null,
          7,
          8,
          1,
          7,
          7,
          7,
          null,
          null,
          null,
          1,
          7,
          7,
          null,
          null,
          1,
          1,
          null,
          null,
          1,
          1,
          null,
          null,
          1,
          1,
          null,
          null,
          1,
          1,
          null,
          null,
          1,
          1,
          null,
          null,
          1,
          null,
          null,
          1,
          1,
          1,
          null,
          null,
          null,
          null,
          1,
          null,
          1,
          null,
          null,
          null,
          1,
          2,
          null,
          2,
          2,
          1,
          1,
          1,
          1,
          null,
          null,
          null,
          1,
          1,
          1,
          null,
          null,
          1,
          1,
          null,
          null
        ]
      },
      "/Users/sandiszthieme/turing/1module/projects/night_writer/lib/night_writer.rb": {
        "lines": [
          1,
          1,
          null,
          1,
          0,
          null
        ]
      }
    },
    "timestamp": 1646783570
  }
}
