{
  "RSpec": {
    "coverage": {
      "/Users/sandiszthieme/turing/1module/projects/night_writer/spec/night_reader_class_spec.rb": {
        "lines": [
          1,
          1,
          1,
          6,
          null,
          6,
          6,
          1,
          5,
          5,
          5,
          null,
          null,
          null,
          1,
          5,
          5,
          null,
          null,
          1,
          1,
          1,
          null,
          null,
          1,
          1,
          1,
          null,
          null,
          1,
          1,
          1,
          null,
          null,
          1,
          1,
          2,
          null,
          null,
          1,
          2,
          null,
          null,
          null,
          1,
          6,
          null,
          6,
          6,
          1,
          5,
          5,
          5,
          null,
          null,
          null,
          1,
          5,
          5,
          null,
          null,
          1,
          1,
          1,
          null,
          null,
          1,
          1,
          1,
          null,
          null,
          1,
          1,
          1,
          null,
          null,
          1,
          1,
          null,
          null,
          1,
          1,
          null,
          null,
          null,
          null,
          null
        ]
      },
      "/Users/sandiszthieme/turing/1module/projects/night_writer/lib/night_reader_class.rb": {
        "lines": [
          1,
          1,
          1,
          null,
          1,
          1,
          10,
          10,
          null,
          null,
          1,
          null,
          1,
          6,
          6,
          6,
          6,
          6,
          null,
          null,
          1,
          null
        ]
      },
      "/Users/sandiszthieme/turing/1module/projects/night_writer/lib/night_writeable.rb": {
        "lines": [
          1,
          1,
          10,
          10,
          10,
          null,
          null,
          1,
          10,
          null,
          null
        ]
      },
      "/Users/sandiszthieme/turing/1module/projects/night_writer/lib/untranslatable.rb": {
        "lines": [
          1,
          1,
          8,
          8,
          null,
          8,
          8,
          9,
          9,
          9,
          9,
          9,
          9,
          9,
          9,
          9,
          9,
          9,
          9,
          9,
          9,
          9,
          9,
          9,
          9,
          9,
          9,
          9,
          9,
          9,
          9,
          9,
          9,
          9,
          null,
          null,
          8,
          null,
          null,
          1,
          16,
          9,
          10,
          2,
          null,
          null,
          null,
          16,
          null,
          null,
          1,
          9,
          9,
          null,
          null,
          1,
          10,
          10,
          0,
          0,
          0,
          0,
          null,
          null,
          40,
          10,
          null,
          null,
          1,
          10,
          16,
          4,
          12,
          null,
          6,
          6,
          null,
          10,
          null,
          null
        ]
      },
      "/Users/sandiszthieme/turing/1module/projects/night_writer/spec/night_writer_class_spec.rb": {
        "lines": [
          1,
          1,
          1,
          null,
          1,
          6,
          null,
          6,
          6,
          1,
          5,
          5,
          5,
          null,
          null,
          null,
          1,
          5,
          5,
          null,
          null,
          1,
          1,
          null,
          null,
          1,
          1,
          null,
          null,
          1,
          1,
          1,
          null,
          null,
          1,
          2,
          null,
          null,
          1,
          2,
          null,
          null,
          null,
          null,
          1,
          7,
          null,
          7,
          8,
          1,
          7,
          7,
          7,
          null,
          null,
          null,
          1,
          7,
          7,
          null,
          null,
          1,
          1,
          null,
          null,
          1,
          1,
          null,
          null,
          1,
          1,
          null,
          null,
          1,
          1,
          null,
          null,
          1,
          1,
          null,
          null,
          1,
          null,
          null,
          1,
          1,
          1,
          null,
          null,
          null,
          null,
          1,
          null,
          1,
          null,
          null,
          null,
          null,
          1,
          2,
          null,
          2,
          2,
          1,
          1,
          1,
          1,
          null,
          null,
          null,
          1,
          1,
          1,
          null,
          null,
          1,
          1,
          null,
          null
        ]
      },
      "/Users/sandiszthieme/turing/1module/projects/night_writer/lib/night_writer.rb": {
        "lines": [
          1,
          1,
          null,
          1,
          0,
          null
        ]
      },
      "/Users/sandiszthieme/turing/1module/projects/night_writer/lib/night_writer_class.rb": {
        "lines": [
          1,
          1,
          1,
          1,
          1,
          12,
          12,
          null,
          null,
          1,
          null,
          1,
          2,
          2,
          2,
          2,
          2,
          null,
          null,
          1,
          null
        ]
      },
      "/Users/sandiszthieme/turing/1module/projects/night_writer/lib/translatable.rb": {
        "lines": [
          1,
          1,
          5,
          null,
          5,
          20,
          20,
          20,
          20,
          20,
          20,
          20,
          20,
          20,
          20,
          20,
          20,
          20,
          20,
          20,
          20,
          20,
          20,
          20,
          20,
          20,
          20,
          20,
          20,
          20,
          20,
          20,
          20,
          20,
          20,
          20,
          20,
          20,
          20,
          20,
          20,
          20,
          20,
          20,
          20,
          20,
          20,
          20,
          20,
          20,
          20,
          20,
          20,
          20,
          20,
          20,
          20,
          20,
          null,
          null,
          5,
          null,
          null,
          1,
          9,
          123,
          80,
          null,
          null,
          null,
          null,
          1,
          6,
          6,
          6,
          6,
          null,
          null,
          1,
          7,
          58,
          58,
          null,
          null,
          1,
          7,
          14,
          7,
          7,
          28,
          null,
          7,
          null,
          null,
          1,
          7,
          7,
          14,
          7,
          null,
          null
        ]
      }
    },
    "timestamp": 1646780997
  }
}
